[debug] [2021-08-11T09:36:10.440Z] ----------------------------------------------------------------------
[debug] [2021-08-11T09:36:10.442Z] Command:       /usr/local/bin/node /usr/local/bin/firebase functions:shell
[debug] [2021-08-11T09:36:10.442Z] CLI Version:   9.3.0
[debug] [2021-08-11T09:36:10.442Z] Platform:      darwin
[debug] [2021-08-11T09:36:10.442Z] Node Version:  v12.16.1
[debug] [2021-08-11T09:36:10.446Z] Time:          Wed Aug 11 2021 11:36:10 GMT+0200 (Central European Summer Time)
[debug] [2021-08-11T09:36:10.446Z] ----------------------------------------------------------------------
[debug] [2021-08-11T09:36:10.447Z] 
[debug] [2021-08-11T09:36:10.463Z] > command requires scopes: ["email","openid","https://www.googleapis.com/auth/cloudplatformprojects.readonly","https://www.googleapis.com/auth/firebase","https://www.googleapis.com/auth/cloud-platform"]
[debug] [2021-08-11T09:36:10.464Z] > authorizing via signed-in user
[debug] [2021-08-11T09:36:10.464Z] [iam] checking project ig-spork-bot for permissions ["firebase.projects.get"]
[debug] [2021-08-11T09:36:10.469Z] > refreshing access token with scopes: ["email","https://www.googleapis.com/auth/cloud-platform","https://www.googleapis.com/auth/cloudplatformprojects.readonly","https://www.googleapis.com/auth/firebase","openid"]
[debug] [2021-08-11T09:36:10.469Z] >>> HTTP REQUEST POST https://www.googleapis.com/oauth2/v3/token  
 <request body omitted>
[debug] [2021-08-11T09:36:10.589Z] <<< HTTP RESPONSE 200 {"expires":"Mon, 01 Jan 1990 00:00:00 GMT","pragma":"no-cache","cache-control":"no-cache, no-store, max-age=0, must-revalidate","date":"Wed, 11 Aug 2021 09:36:10 GMT","content-type":"application/json; charset=utf-8","vary":"X-Origin, Referer, Origin,Accept-Encoding","server":"scaffolding on HTTPServer2","x-xss-protection":"0","x-frame-options":"SAMEORIGIN","x-content-type-options":"nosniff","alt-svc":"h3=\":443\"; ma=2592000,h3-29=\":443\"; ma=2592000,h3-T051=\":443\"; ma=2592000,h3-Q050=\":443\"; ma=2592000,h3-Q046=\":443\"; ma=2592000,h3-Q043=\":443\"; ma=2592000,quic=\":443\"; ma=2592000; v=\"46,43\"","accept-ranges":"none","transfer-encoding":"chunked"}
[debug] [2021-08-11T09:36:10.600Z] >>> HTTP REQUEST POST https://cloudresourcemanager.googleapis.com/v1/projects/ig-spork-bot:testIamPermissions  
 {"permissions":["firebase.projects.get"]}
[debug] [2021-08-11T09:36:11.308Z] <<< HTTP RESPONSE 200 {"content-type":"application/json; charset=UTF-8","vary":"X-Origin, Referer, Origin,Accept-Encoding","date":"Wed, 11 Aug 2021 09:36:11 GMT","server":"ESF","cache-control":"private","x-xss-protection":"0","x-frame-options":"SAMEORIGIN","x-content-type-options":"nosniff","server-timing":"gfet4t7; dur=641","alt-svc":"h3=\":443\"; ma=2592000,h3-29=\":443\"; ma=2592000,h3-T051=\":443\"; ma=2592000,h3-Q050=\":443\"; ma=2592000,h3-Q046=\":443\"; ma=2592000,h3-Q043=\":443\"; ma=2592000,quic=\":443\"; ma=2592000; v=\"46,43\"","accept-ranges":"none","transfer-encoding":"chunked"}
[debug] [2021-08-11T09:36:11.326Z] [functions] Using node@12 from host.
[debug] [2021-08-11T09:36:11.332Z] defaultcredentials: writing to file /Users/bernardbado/.config/firebase/bado_bernard94_gmail.com_application_default_credentials.json
[debug] [2021-08-11T09:36:11.335Z] DEBUG: Setting GAC to /Users/bernardbado/.config/firebase/bado_bernard94_gmail.com_application_default_credentials.json
[debug] [2021-08-11T09:36:11.337Z] > refreshing access token with scopes: []
[debug] [2021-08-11T09:36:11.337Z] >>> HTTP REQUEST POST https://www.googleapis.com/oauth2/v3/token  
 <request body omitted>
[debug] [2021-08-11T09:36:11.409Z] <<< HTTP RESPONSE 200 {"expires":"Mon, 01 Jan 1990 00:00:00 GMT","pragma":"no-cache","cache-control":"no-cache, no-store, max-age=0, must-revalidate","date":"Wed, 11 Aug 2021 09:36:11 GMT","content-type":"application/json; charset=utf-8","vary":"X-Origin, Referer, Origin,Accept-Encoding","server":"scaffolding on HTTPServer2","x-xss-protection":"0","x-frame-options":"SAMEORIGIN","x-content-type-options":"nosniff","alt-svc":"h3=\":443\"; ma=2592000,h3-29=\":443\"; ma=2592000,h3-T051=\":443\"; ma=2592000,h3-Q050=\":443\"; ma=2592000,h3-Q046=\":443\"; ma=2592000,h3-Q043=\":443\"; ma=2592000,quic=\":443\"; ma=2592000; v=\"46,43\"","accept-ranges":"none","transfer-encoding":"chunked"}
[debug] [2021-08-11T09:36:11.421Z] >>> [apiv2][query] GET https://firebase.googleapis.com/v1beta1/projects/ig-spork-bot/adminSdkConfig [none]
[debug] [2021-08-11T18:35:05.557Z] ----------------------------------------------------------------------
[debug] [2021-08-11T18:35:05.559Z] Command:       /usr/local/bin/node /usr/local/bin/firebase functions:shell
[debug] [2021-08-11T18:35:05.560Z] CLI Version:   9.3.0
[debug] [2021-08-11T18:35:05.560Z] Platform:      darwin
[debug] [2021-08-11T18:35:05.560Z] Node Version:  v12.16.1
[debug] [2021-08-11T18:35:05.561Z] Time:          Wed Aug 11 2021 20:35:05 GMT+0200 (Central European Summer Time)
[debug] [2021-08-11T18:35:05.561Z] ----------------------------------------------------------------------
[debug] [2021-08-11T18:35:05.561Z] 
[debug] [2021-08-11T18:35:05.573Z] > command requires scopes: ["email","openid","https://www.googleapis.com/auth/cloudplatformprojects.readonly","https://www.googleapis.com/auth/firebase","https://www.googleapis.com/auth/cloud-platform"]
[debug] [2021-08-11T18:35:05.574Z] > authorizing via signed-in user
[debug] [2021-08-11T18:35:05.574Z] [iam] checking project ig-spork-bot for permissions ["firebase.projects.get"]
[debug] [2021-08-11T18:35:05.576Z] >>> HTTP REQUEST POST https://cloudresourcemanager.googleapis.com/v1/projects/ig-spork-bot:testIamPermissions  
 {"permissions":["firebase.projects.get"]}
